
ROM used: 1362 (4%)
          1362 (4%) including unused fragments

          1 Average locations per line
          3 Average locations per statement

RAM used: 38 (2%) at main() level
          46 (3%) worst case

Stack used: 3 worst case (out of 30 total available)

Lines Stmts  %   Files
----- ----- ---  -----
  152    73  16  main.c
   27     0   0  main.h
  394     0   0  ..\..\..\..\..\..\..\Program Files (x86)\PICC\devices\18F458.h
  417     0   0  ..\..\..\..\..\..\..\Program Files (x86)\PICC\drivers\string.h
   28     0   0  ..\..\..\..\..\..\..\Program Files (x86)\PICC\drivers\stddef.h
   28     0   0  ..\..\..\..\..\..\..\Program Files (x86)\PICC\drivers\ctype.h
 1360   380  84  ..\..\..\..\..\..\..\Program Files (x86)\PICC\drivers\stdlib.h
----- -----
 2406   453 Total

Page ROM  %  RAM   Vol Diff  Functions:
---- --- --- ---   --- ----  ----------
0     40   1   1             @delay_ms1
0     76   3   2             @MUL88
0    412  15   9  1815 10.5  atoi
0      8   0   0    22  1.2  TIMER1_isr
0     10   0   0    35  1.7  EXT_isr
0     10   0   0    35  1.7  EXT1_isr
0     16   1   0    52  1.9  RDA_isr
0    350  13   5  1936  9.0  MAIN
0     40   1   3             @DIV88
0    210   8   6             @PRINTF_D_9600_31766_31767

Program metrics:
    Functions               6
    Statements              453
    Comments                639
    Volume (V)              4747
    Difficilty (D)          27.7
    Effort to implement (E) 131300
    Time to implement (T)   2 hours, 2 minutes
    Est Delivered Bugs (B)  1
    Cyclomatic Complexity   19
    Maintainability (MI)    52

 Segment     Used  Free
-----------  ----  ----
00000-00002     4  0  
00004-00006     0  4  
00008-000C0   186  0  
000C2-07FFE  1172  31402  



